<?xml version="1.0" encoding="UTF-8"?>
<!-- Generated by org.testng.reporters.JUnitReportReporter -->
<testsuite hostname="Jai" failures="0" tests="1" name="PS1" time="0.015" errors="0" timestamp="2023-12-11T21:58:12 IST" skipped="0">
  <testcase classname="PS1" name="testRun" time="0.015"/>
</testsuite> <!-- PS1 -->
